Action;SectionID;ParentSectionID;Duration;Complexity
preprocessing_run_1;2;1;286158;1
per_chunk_sort_run_1;3;1;70194;1
reshaping_run_1;4;1;707;2
shifting_and_subtraction_run_1;5;1;3831;1
boolean_comparison_run_1;6;1;1114;1
transpose_run_1;7;1;1165;1
transpose_run_1;8;1;1621;2
outerProduct_run_1;9;1;1100;1
matrixMultiplication_run_1;10;1;637;1
colSums_run_1;11;1;1165;1
colSums_run_1;12;1;1155;2
combine_run_1;13;1;1449;1
full_run_run_1;1;0;371437;1
Action;SectionID;ParentSectionID;Duration;Complexity
preprocessing_run_1;2;1;281584;1
per_chunk_sort_run_1;3;1;70625;1
reshaping_run_1;4;1;670;2
shifting_and_subtraction_run_1;5;1;3408;1
boolean_comparison_run_1;6;1;1195;1
transpose_run_1;7;1;1318;1
transpose_run_1;8;1;1900;2
outerProduct_run_1;9;1;1117;1
matrixMultiplication_run_1;10;1;577;1
colSums_run_1;11;1;1173;1
colSums_run_1;12;1;1183;2
combine_run_1;13;1;1447;1
full_run_run_1;1;0;367676;1
Action;SectionID;ParentSectionID;Duration;Complexity
preprocessing_run_1;2;1;287101;1
per_chunk_sort_run_1;3;1;67962;1
reshaping_run_1;4;1;734;2
shifting_and_subtraction_run_1;5;1;3769;1
boolean_comparison_run_1;6;1;1189;1
transpose_run_1;7;1;1184;1
transpose_run_1;8;1;1640;2
outerProduct_run_1;9;1;1412;1
matrixMultiplication_run_1;10;1;578;1
colSums_run_1;11;1;1196;1
colSums_run_1;12;1;1210;2
combine_run_1;13;1;1517;1
full_run_run_1;1;0;370666;1
Action;SectionID;ParentSectionID;Duration;Complexity
preprocessing_run_1;2;1;283564;1
per_chunk_sort_run_1;3;1;66265;1
reshaping_run_1;4;1;634;2
shifting_and_subtraction_run_1;5;1;3455;1
boolean_comparison_run_1;6;1;1193;1
transpose_run_1;7;1;1321;1
transpose_run_1;8;1;1924;2
outerProduct_run_1;9;1;1120;1
matrixMultiplication_run_1;10;1;554;1
colSums_run_1;11;1;1159;1
colSums_run_1;12;1;1162;2
combine_run_1;13;1;1467;1
full_run_run_1;1;0;364888;1
Action;SectionID;ParentSectionID;Duration;Complexity
preprocessing_run_1;2;1;287159;1
per_chunk_sort_run_1;3;1;60305;1
reshaping_run_1;4;1;696;2
shifting_and_subtraction_run_1;5;1;3784;1
boolean_comparison_run_1;6;1;1160;1
transpose_run_1;7;1;1157;1
transpose_run_1;8;1;1642;2
outerProduct_run_1;9;1;1014;1
matrixMultiplication_run_1;10;1;731;1
colSums_run_1;11;1;1152;1
colSums_run_1;12;1;1182;2
combine_run_1;13;1;1430;1
full_run_run_1;1;0;362518;1
Action;SectionID;ParentSectionID;Duration;Complexity
preprocessing_run_1;2;1;283261;1
per_chunk_sort_run_1;3;1;61451;1
reshaping_run_1;4;1;725;2
shifting_and_subtraction_run_1;5;1;3598;1
boolean_comparison_run_1;6;1;1132;1
transpose_run_1;7;1;1194;1
transpose_run_1;8;1;1629;2
outerProduct_run_1;9;1;1153;1
matrixMultiplication_run_1;10;1;594;1
colSums_run_1;11;1;1225;1
colSums_run_1;12;1;1224;2
combine_run_1;13;1;1807;1
full_run_run_1;1;0;360318;1
Action;SectionID;ParentSectionID;Duration;Complexity
preprocessing_run_1;2;1;285976;1
per_chunk_sort_run_1;3;1;65367;1
reshaping_run_1;4;1;636;2
shifting_and_subtraction_run_1;5;1;3418;1
boolean_comparison_run_1;6;1;1154;1
transpose_run_1;7;1;1306;1
transpose_run_1;8;1;1947;2
outerProduct_run_1;9;1;927;1
matrixMultiplication_run_1;10;1;725;1
colSums_run_1;11;1;1206;1
colSums_run_1;12;1;1173;2
combine_run_1;13;1;1446;1
full_run_run_1;1;0;367337;1
Action;SectionID;ParentSectionID;Duration;Complexity
preprocessing_run_1;2;1;284691;1
per_chunk_sort_run_1;3;1;65262;1
reshaping_run_1;4;1;626;2
shifting_and_subtraction_run_1;5;1;3385;1
boolean_comparison_run_1;6;1;1217;1
transpose_run_1;7;1;1313;1
transpose_run_1;8;1;1906;2
outerProduct_run_1;9;1;926;1
matrixMultiplication_run_1;10;1;562;1
colSums_run_1;11;1;1178;1
colSums_run_1;12;1;1151;2
combine_run_1;13;1;1425;1
full_run_run_1;1;0;365005;1
Action;SectionID;ParentSectionID;Duration;Complexity
preprocessing_run_1;2;1;291355;1
per_chunk_sort_run_1;3;1;72483;1
reshaping_run_1;4;1;748;2
shifting_and_subtraction_run_1;5;1;3728;1
boolean_comparison_run_1;6;1;1196;1
transpose_run_1;7;1;1439;1
transpose_run_1;8;1;2029;2
outerProduct_run_1;9;1;1069;1
matrixMultiplication_run_1;10;1;579;1
colSums_run_1;11;1;1215;1
colSums_run_1;12;1;1205;2
combine_run_1;13;1;1496;1
full_run_run_1;1;0;379744;1
Action;SectionID;ParentSectionID;Duration;Complexity
preprocessing_run_1;2;1;280538;1
per_chunk_sort_run_1;3;1;59836;1
reshaping_run_1;4;1;679;2
shifting_and_subtraction_run_1;5;1;3392;1
boolean_comparison_run_1;6;1;1129;1
transpose_run_1;7;1;1292;1
transpose_run_1;8;1;1871;2
outerProduct_run_1;9;1;1086;1
matrixMultiplication_run_1;10;1;572;1
colSums_run_1;11;1;1171;1
colSums_run_1;12;1;1148;2
combine_run_1;13;1;1411;1
full_run_run_1;1;0;355615;1
Action;SectionID;ParentSectionID;Duration;Complexity
preprocessing_run_1;2;1;286732;1
per_chunk_sort_run_1;3;1;74766;1
reshaping_run_1;4;1;718;2
shifting_and_subtraction_run_1;5;1;3835;1
boolean_comparison_run_1;6;1;1174;1
transpose_run_1;7;1;1439;1
transpose_run_1;8;1;1777;2
outerProduct_run_1;9;1;1200;1
matrixMultiplication_run_1;10;1;610;1
colSums_run_1;11;1;1171;1
colSums_run_1;12;1;1174;2
combine_run_1;13;1;1463;1
full_run_run_1;1;0;377215;1
Action;SectionID;ParentSectionID;Duration;Complexity
preprocessing_run_1;2;1;280263;1
per_chunk_sort_run_1;3;1;66637;1
reshaping_run_1;4;1;842;2
shifting_and_subtraction_run_1;5;1;3561;1
boolean_comparison_run_1;6;1;1108;1
transpose_run_1;7;1;1435;1
transpose_run_1;8;1;2010;2
outerProduct_run_1;9;1;1057;1
matrixMultiplication_run_1;10;1;535;1
colSums_run_1;11;1;1485;1
colSums_run_1;12;1;1482;2
combine_run_1;13;1;1778;1
full_run_run_1;1;0;363622;1
Action;SectionID;ParentSectionID;Duration;Complexity
preprocessing_run_1;2;1;287180;1
per_chunk_sort_run_1;3;1;61719;1
reshaping_run_1;4;1;790;2
shifting_and_subtraction_run_1;5;1;3559;1
boolean_comparison_run_1;6;1;1205;1
transpose_run_1;7;1;1465;1
transpose_run_1;8;1;1902;2
outerProduct_run_1;9;1;1337;1
matrixMultiplication_run_1;10;1;549;1
colSums_run_1;11;1;1344;1
colSums_run_1;12;1;1321;2
combine_run_1;13;1;1591;1
full_run_run_1;1;0;365289;1
Action;SectionID;ParentSectionID;Duration;Complexity
preprocessing_run_1;2;1;281998;1
per_chunk_sort_run_1;3;1;59028;1
reshaping_run_1;4;1;604;2
shifting_and_subtraction_run_1;5;1;3044;1
boolean_comparison_run_1;6;1;1055;1
transpose_run_1;7;1;1329;1
transpose_run_1;8;1;1970;2
outerProduct_run_1;9;1;1078;1
matrixMultiplication_run_1;10;1;595;1
colSums_run_1;11;1;1442;1
colSums_run_1;12;1;1479;2
combine_run_1;13;1;1733;1
full_run_run_1;1;0;357325;1
Action;SectionID;ParentSectionID;Duration;Complexity
preprocessing_run_1;2;1;284113;1
per_chunk_sort_run_1;3;1;67528;1
reshaping_run_1;4;1;869;2
shifting_and_subtraction_run_1;5;1;4435;1
boolean_comparison_run_1;6;1;1201;1
transpose_run_1;7;1;1335;1
transpose_run_1;8;1;1907;2
outerProduct_run_1;9;1;1222;1
matrixMultiplication_run_1;10;1;582;1
colSums_run_1;11;1;1397;1
colSums_run_1;12;1;1393;2
combine_run_1;13;1;1717;1
full_run_run_1;1;0;368938;1
Action;SectionID;ParentSectionID;Duration;Complexity
preprocessing_run_1;2;1;280817;1
per_chunk_sort_run_1;3;1;61475;1
reshaping_run_1;4;1;638;2
shifting_and_subtraction_run_1;5;1;3419;1
boolean_comparison_run_1;6;1;1122;1
transpose_run_1;7;1;1321;1
transpose_run_1;8;1;1892;2
outerProduct_run_1;9;1;1015;1
matrixMultiplication_run_1;10;1;580;1
colSums_run_1;11;1;1171;1
colSums_run_1;12;1;1159;2
combine_run_1;13;1;1412;1
full_run_run_1;1;0;357161;1
Action;SectionID;ParentSectionID;Duration;Complexity
preprocessing_run_1;2;1;282123;1
per_chunk_sort_run_1;3;1;75897;1
reshaping_run_1;4;1;643;2
shifting_and_subtraction_run_1;5;1;3533;1
boolean_comparison_run_1;6;1;1112;1
transpose_run_1;7;1;1181;1
transpose_run_1;8;1;1642;2
outerProduct_run_1;9;1;1291;1
matrixMultiplication_run_1;10;1;674;1
colSums_run_1;11;1;1185;1
colSums_run_1;12;1;1167;2
combine_run_1;13;1;1475;1
full_run_run_1;1;0;373090;1
Action;SectionID;ParentSectionID;Duration;Complexity
preprocessing_run_1;2;1;280467;1
per_chunk_sort_run_1;3;1;64840;1
reshaping_run_1;4;1;872;2
shifting_and_subtraction_run_1;5;1;4407;1
boolean_comparison_run_1;6;1;1188;1
transpose_run_1;7;1;1696;1
transpose_run_1;8;1;2056;2
outerProduct_run_1;9;1;1106;1
matrixMultiplication_run_1;10;1;608;1
colSums_run_1;11;1;1188;1
colSums_run_1;12;1;1219;2
combine_run_1;13;1;1570;1
full_run_run_1;1;0;362437;1
Action;SectionID;ParentSectionID;Duration;Complexity
preprocessing_run_1;2;1;287957;1
per_chunk_sort_run_1;3;1;59637;1
reshaping_run_1;4;1;632;2
shifting_and_subtraction_run_1;5;1;3418;1
boolean_comparison_run_1;6;1;1107;1
transpose_run_1;7;1;1329;1
transpose_run_1;8;1;1882;2
outerProduct_run_1;9;1;1072;1
matrixMultiplication_run_1;10;1;578;1
colSums_run_1;11;1;1328;1
colSums_run_1;12;1;1198;2
combine_run_1;13;1;1431;1
full_run_run_1;1;0;363078;1
Action;SectionID;ParentSectionID;Duration;Complexity
preprocessing_run_1;2;1;283883;1
per_chunk_sort_run_1;3;1;72162;1
reshaping_run_1;4;1;736;2
shifting_and_subtraction_run_1;5;1;3412;1
boolean_comparison_run_1;6;1;1180;1
transpose_run_1;7;1;1322;1
transpose_run_1;8;1;1915;2
outerProduct_run_1;9;1;1089;1
matrixMultiplication_run_1;10;1;566;1
colSums_run_1;11;1;1395;1
colSums_run_1;12;1;1169;2
combine_run_1;13;1;1438;1
full_run_run_1;1;0;371778;1
Action;SectionID;ParentSectionID;Duration;Complexity
preprocessing_run_1;2;1;286885;1
per_chunk_sort_run_1;3;1;62007;1
reshaping_run_1;4;1;748;2
shifting_and_subtraction_run_1;5;1;3647;1
boolean_comparison_run_1;6;1;1141;1
transpose_run_1;7;1;1215;1
transpose_run_1;8;1;1669;2
outerProduct_run_1;9;1;1328;1
matrixMultiplication_run_1;10;1;691;1
colSums_run_1;11;1;1262;1
colSums_run_1;12;1;1205;2
combine_run_1;13;1;1539;1
full_run_run_1;1;0;364693;1
Action;SectionID;ParentSectionID;Duration;Complexity
preprocessing_run_1;2;1;284494;1
per_chunk_sort_run_1;3;1;60595;1
reshaping_run_1;4;1;702;2
shifting_and_subtraction_run_1;5;1;3792;1
boolean_comparison_run_1;6;1;1118;1
transpose_run_1;7;1;1205;1
transpose_run_1;8;1;1652;2
outerProduct_run_1;9;1;1185;1
matrixMultiplication_run_1;10;1;593;1
colSums_run_1;11;1;1170;1
colSums_run_1;12;1;1165;2
combine_run_1;13;1;1453;1
full_run_run_1;1;0;360273;1
Action;SectionID;ParentSectionID;Duration;Complexity
preprocessing_run_1;2;1;287335;1
per_chunk_sort_run_1;3;1;65273;1
reshaping_run_1;4;1;637;2
shifting_and_subtraction_run_1;5;1;3441;1
boolean_comparison_run_1;6;1;1073;1
transpose_run_1;7;1;1317;1
transpose_run_1;8;1;1748;2
outerProduct_run_1;9;1;1053;1
matrixMultiplication_run_1;10;1;567;1
colSums_run_1;11;1;1213;1
colSums_run_1;12;1;1143;2
combine_run_1;13;1;1448;1
full_run_run_1;1;0;367745;1
Action;SectionID;ParentSectionID;Duration;Complexity
preprocessing_run_1;2;1;284500;1
per_chunk_sort_run_1;3;1;67097;1
reshaping_run_1;4;1;682;2
shifting_and_subtraction_run_1;5;1;3364;1
boolean_comparison_run_1;6;1;1126;1
transpose_run_1;7;1;1337;1
transpose_run_1;8;1;1747;2
outerProduct_run_1;9;1;1088;1
matrixMultiplication_run_1;10;1;548;1
colSums_run_1;11;1;1244;1
colSums_run_1;12;1;1228;2
combine_run_1;13;1;1560;1
full_run_run_1;1;0;366818;1
Action;SectionID;ParentSectionID;Duration;Complexity
preprocessing_run_1;2;1;283910;1
per_chunk_sort_run_1;3;1;53454;1
reshaping_run_1;4;1;637;2
shifting_and_subtraction_run_1;5;1;3410;1
boolean_comparison_run_1;6;1;1067;1
transpose_run_1;7;1;1345;1
transpose_run_1;8;1;1630;2
outerProduct_run_1;9;1;1303;1
matrixMultiplication_run_1;10;1;539;1
colSums_run_1;11;1;1178;1
colSums_run_1;12;1;1163;2
combine_run_1;13;1;1470;1
full_run_run_1;1;0;352319;1
Action;SectionID;ParentSectionID;Duration;Complexity
preprocessing_run_1;2;1;283855;1
per_chunk_sort_run_1;3;1;66471;1
reshaping_run_1;4;1;708;2
shifting_and_subtraction_run_1;5;1;3387;1
boolean_comparison_run_1;6;1;1216;1
transpose_run_1;7;1;1184;1
transpose_run_1;8;1;1657;2
outerProduct_run_1;9;1;1828;1
matrixMultiplication_run_1;10;1;623;1
colSums_run_1;11;1;1160;1
colSums_run_1;12;1;1178;2
combine_run_1;13;1;1461;1
full_run_run_1;1;0;366826;1
Action;SectionID;ParentSectionID;Duration;Complexity
preprocessing_run_1;2;1;284818;1
per_chunk_sort_run_1;3;1;61654;1
reshaping_run_1;4;1;640;2
shifting_and_subtraction_run_1;5;1;3419;1
boolean_comparison_run_1;6;1;1080;1
transpose_run_1;7;1;1358;1
transpose_run_1;8;1;1919;2
outerProduct_run_1;9;1;1090;1
matrixMultiplication_run_1;10;1;553;1
colSums_run_1;11;1;1398;1
colSums_run_1;12;1;1183;2
combine_run_1;13;1;1545;1
full_run_run_1;1;0;361934;1
Action;SectionID;ParentSectionID;Duration;Complexity
preprocessing_run_1;2;1;279553;1
per_chunk_sort_run_1;3;1;59544;1
reshaping_run_1;4;1;696;2
shifting_and_subtraction_run_1;5;1;3751;1
boolean_comparison_run_1;6;1;1165;1
transpose_run_1;7;1;1166;1
transpose_run_1;8;1;1597;2
outerProduct_run_1;9;1;1027;1
matrixMultiplication_run_1;10;1;527;1
colSums_run_1;11;1;1155;1
colSums_run_1;12;1;1145;2
combine_run_1;13;1;1448;1
full_run_run_1;1;0;353939;1
Action;SectionID;ParentSectionID;Duration;Complexity
preprocessing_run_1;2;1;283968;1
per_chunk_sort_run_1;3;1;67683;1
reshaping_run_1;4;1;716;2
shifting_and_subtraction_run_1;5;1;3930;1
boolean_comparison_run_1;6;1;1143;1
transpose_run_1;7;1;1446;1
transpose_run_1;8;1;1945;2
outerProduct_run_1;9;1;1022;1
matrixMultiplication_run_1;10;1;536;1
colSums_run_1;11;1;1191;1
colSums_run_1;12;1;1202;2
combine_run_1;13;1;1451;1
full_run_run_1;1;0;367411;1
Action;SectionID;ParentSectionID;Duration;Complexity
preprocessing_run_1;2;1;288823;1
per_chunk_sort_run_1;3;1;60439;1
reshaping_run_1;4;1;624;2
shifting_and_subtraction_run_1;5;1;3399;1
boolean_comparison_run_1;6;1;1206;1
transpose_run_1;7;1;1317;1
transpose_run_1;8;1;1887;2
outerProduct_run_1;9;1;1138;1
matrixMultiplication_run_1;10;1;565;1
colSums_run_1;11;1;1382;1
colSums_run_1;12;1;1353;2
combine_run_1;13;1;1566;1
full_run_run_1;1;0;365057;1
Action;SectionID;ParentSectionID;Duration;Complexity
preprocessing_run_1;2;1;282321;1
per_chunk_sort_run_1;3;1;59095;1
reshaping_run_1;4;1;645;2
shifting_and_subtraction_run_1;5;1;3386;1
boolean_comparison_run_1;6;1;1176;1
transpose_run_1;7;1;1189;1
transpose_run_1;8;1;1661;2
outerProduct_run_1;9;1;1898;1
matrixMultiplication_run_1;10;1;563;1
colSums_run_1;11;1;1182;1
colSums_run_1;12;1;1206;2
combine_run_1;13;1;1502;1
full_run_run_1;1;0;357302;1
Action;SectionID;ParentSectionID;Duration;Complexity
preprocessing_run_1;2;1;282347;1
per_chunk_sort_run_1;3;1;64806;1
reshaping_run_1;4;1;646;2
shifting_and_subtraction_run_1;5;1;3453;1
boolean_comparison_run_1;6;1;1221;1
transpose_run_1;7;1;1301;1
transpose_run_1;8;1;1938;2
outerProduct_run_1;9;1;1110;1
matrixMultiplication_run_1;10;1;587;1
colSums_run_1;11;1;1355;1
colSums_run_1;12;1;1327;2
combine_run_1;13;1;1465;1
full_run_run_1;1;0;362790;1
Action;SectionID;ParentSectionID;Duration;Complexity
preprocessing_run_1;2;1;281644;1
per_chunk_sort_run_1;3;1;73528;1
reshaping_run_1;4;1;713;2
shifting_and_subtraction_run_1;5;1;3551;1
boolean_comparison_run_1;6;1;1118;1
transpose_run_1;7;1;1231;1
transpose_run_1;8;1;1746;2
outerProduct_run_1;9;1;1286;1
matrixMultiplication_run_1;10;1;552;1
colSums_run_1;11;1;1308;1
colSums_run_1;12;1;1262;2
combine_run_1;13;1;2051;1
full_run_run_1;1;0;412541;1
Action;SectionID;ParentSectionID;Duration;Complexity
preprocessing_run_1;2;1;279865;1
per_chunk_sort_run_1;3;1;65103;1
reshaping_run_1;4;1;641;2
shifting_and_subtraction_run_1;5;1;3414;1
boolean_comparison_run_1;6;1;1099;1
transpose_run_1;7;1;1311;1
transpose_run_1;8;1;1946;2
outerProduct_run_1;9;1;1089;1
matrixMultiplication_run_1;10;1;562;1
colSums_run_1;11;1;1187;1
colSums_run_1;12;1;1189;2
combine_run_1;13;1;1454;1
full_run_run_1;1;0;360384;1
Action;SectionID;ParentSectionID;Duration;Complexity
preprocessing_run_1;2;1;281424;1
per_chunk_sort_run_1;3;1;61498;1
reshaping_run_1;4;1;719;2
shifting_and_subtraction_run_1;5;1;3608;1
boolean_comparison_run_1;6;1;1100;1
transpose_run_1;7;1;1252;1
transpose_run_1;8;1;1719;2
outerProduct_run_1;9;1;1858;1
matrixMultiplication_run_1;10;1;569;1
colSums_run_1;11;1;1269;1
colSums_run_1;12;1;1258;2
combine_run_1;13;1;1587;1
full_run_run_1;1;0;359785;1
Action;SectionID;ParentSectionID;Duration;Complexity
preprocessing_run_1;2;1;283881;1
per_chunk_sort_run_1;3;1;60114;1
reshaping_run_1;4;1;725;2
shifting_and_subtraction_run_1;5;1;3703;1
boolean_comparison_run_1;6;1;1320;1
transpose_run_1;7;1;1156;1
transpose_run_1;8;1;1632;2
outerProduct_run_1;9;1;958;1
matrixMultiplication_run_1;10;1;547;1
colSums_run_1;11;1;1165;1
colSums_run_1;12;1;1201;2
combine_run_1;13;1;1457;1
full_run_run_1;1;0;359030;1
Action;SectionID;ParentSectionID;Duration;Complexity
preprocessing_run_1;2;1;286539;1
per_chunk_sort_run_1;3;1;59451;1
reshaping_run_1;4;1;710;2
shifting_and_subtraction_run_1;5;1;3833;1
boolean_comparison_run_1;6;1;1120;1
transpose_run_1;7;1;1148;1
transpose_run_1;8;1;1586;2
outerProduct_run_1;9;1;1210;1
matrixMultiplication_run_1;10;1;756;1
colSums_run_1;11;1;1162;1
colSums_run_1;12;1;1123;2
combine_run_1;13;1;1474;1
full_run_run_1;1;0;361211;1
Action;SectionID;ParentSectionID;Duration;Complexity
preprocessing_run_1;2;1;282333;1
per_chunk_sort_run_1;3;1;64955;1
reshaping_run_1;4;1;636;2
shifting_and_subtraction_run_1;5;1;3426;1
boolean_comparison_run_1;6;1;1180;1
transpose_run_1;7;1;1332;1
transpose_run_1;8;1;1891;2
outerProduct_run_1;9;1;991;1
matrixMultiplication_run_1;10;1;586;1
colSums_run_1;11;1;1350;1
colSums_run_1;12;1;1336;2
combine_run_1;13;1;1500;1
full_run_run_1;1;0;362806;1
Action;SectionID;ParentSectionID;Duration;Complexity
preprocessing_run_1;2;1;282336;1
per_chunk_sort_run_1;3;1;55276;1
reshaping_run_1;4;1;562;2
shifting_and_subtraction_run_1;5;1;3061;1
boolean_comparison_run_1;6;1;1142;1
transpose_run_1;7;1;1205;1
transpose_run_1;8;1;1663;2
outerProduct_run_1;9;1;1050;1
matrixMultiplication_run_1;10;1;550;1
colSums_run_1;11;1;1242;1
colSums_run_1;12;1;1242;2
combine_run_1;13;1;1536;1
full_run_run_1;1;0;353041;1
Action;SectionID;ParentSectionID;Duration;Complexity
preprocessing_run_1;2;1;282092;1
per_chunk_sort_run_1;3;1;70484;1
reshaping_run_1;4;1;657;2
shifting_and_subtraction_run_1;5;1;3452;1
boolean_comparison_run_1;6;1;1158;1
transpose_run_1;7;1;1302;1
transpose_run_1;8;1;1886;2
outerProduct_run_1;9;1;1065;1
matrixMultiplication_run_1;10;1;579;1
colSums_run_1;11;1;1324;1
colSums_run_1;12;1;1141;2
combine_run_1;13;1;1448;1
full_run_run_1;1;0;367747;1
Action;SectionID;ParentSectionID;Duration;Complexity
preprocessing_run_1;2;1;285917;1
per_chunk_sort_run_1;3;1;60098;1
reshaping_run_1;4;1;700;2
shifting_and_subtraction_run_1;5;1;3484;1
boolean_comparison_run_1;6;1;1183;1
transpose_run_1;7;1;1414;1
transpose_run_1;8;1;1975;2
outerProduct_run_1;9;1;1063;1
matrixMultiplication_run_1;10;1;541;1
colSums_run_1;11;1;1245;1
colSums_run_1;12;1;1270;2
combine_run_1;13;1;1552;1
full_run_run_1;1;0;361786;1
Action;SectionID;ParentSectionID;Duration;Complexity
preprocessing_run_1;2;1;284709;1
per_chunk_sort_run_1;3;1;61261;1
reshaping_run_1;4;1;751;2
shifting_and_subtraction_run_1;5;1;3850;1
boolean_comparison_run_1;6;1;1091;1
transpose_run_1;7;1;1204;1
transpose_run_1;8;1;1645;2
outerProduct_run_1;9;1;1217;1
matrixMultiplication_run_1;10;1;576;1
colSums_run_1;11;1;1185;1
colSums_run_1;12;1;1191;2
combine_run_1;13;1;1526;1
full_run_run_1;1;0;361380;1
Action;SectionID;ParentSectionID;Duration;Complexity
preprocessing_run_1;2;1;277310;1
per_chunk_sort_run_1;3;1;58121;1
reshaping_run_1;4;1;556;2
shifting_and_subtraction_run_1;5;1;3031;1
boolean_comparison_run_1;6;1;1086;1
transpose_run_1;7;1;1139;1
transpose_run_1;8;1;1678;2
outerProduct_run_1;9;1;1114;1
matrixMultiplication_run_1;10;1;779;1
colSums_run_1;11;1;1185;1
colSums_run_1;12;1;1192;2
combine_run_1;13;1;1488;1
full_run_run_1;1;0;350611;1
Action;SectionID;ParentSectionID;Duration;Complexity
preprocessing_run_1;2;1;285153;1
per_chunk_sort_run_1;3;1;77607;1
reshaping_run_1;4;1;707;2
shifting_and_subtraction_run_1;5;1;3565;1
boolean_comparison_run_1;6;1;1270;1
transpose_run_1;7;1;1312;1
transpose_run_1;8;1;1878;2
outerProduct_run_1;9;1;1547;1
matrixMultiplication_run_1;10;1;630;1
colSums_run_1;11;1;1145;1
colSums_run_1;12;1;1149;2
combine_run_1;13;1;1459;1
full_run_run_1;1;0;379462;1
Action;SectionID;ParentSectionID;Duration;Complexity
preprocessing_run_1;2;1;277822;1
per_chunk_sort_run_1;3;1;79848;1
reshaping_run_1;4;1;643;2
shifting_and_subtraction_run_1;5;1;3483;1
boolean_comparison_run_1;6;1;1106;1
transpose_run_1;7;1;1308;1
transpose_run_1;8;1;1874;2
outerProduct_run_1;9;1;1115;1
matrixMultiplication_run_1;10;1;569;1
colSums_run_1;11;1;1381;1
colSums_run_1;12;1;1339;2
combine_run_1;13;1;1536;1
full_run_run_1;1;0;373225;1
Action;SectionID;ParentSectionID;Duration;Complexity
preprocessing_run_1;2;1;287300;1
per_chunk_sort_run_1;3;1;67691;1
reshaping_run_1;4;1;644;2
shifting_and_subtraction_run_1;5;1;3422;1
boolean_comparison_run_1;6;1;1141;1
transpose_run_1;7;1;1335;1
transpose_run_1;8;1;1887;2
outerProduct_run_1;9;1;1444;1
matrixMultiplication_run_1;10;1;642;1
colSums_run_1;11;1;1357;1
colSums_run_1;12;1;1329;2
combine_run_1;13;1;1437;1
full_run_run_1;1;0;370824;1
Action;SectionID;ParentSectionID;Duration;Complexity
preprocessing_run_1;2;1;281530;1
per_chunk_sort_run_1;3;1;54554;1
reshaping_run_1;4;1;671;2
shifting_and_subtraction_run_1;5;1;3481;1
boolean_comparison_run_1;6;1;1143;1
transpose_run_1;7;1;1287;1
transpose_run_1;8;1;1936;2
outerProduct_run_1;9;1;1135;1
matrixMultiplication_run_1;10;1;595;1
colSums_run_1;11;1;1393;1
colSums_run_1;12;1;1187;2
combine_run_1;13;1;1460;1
full_run_run_1;1;0;351522;1
Action;SectionID;ParentSectionID;Duration;Complexity
preprocessing_run_1;2;1;282319;1
per_chunk_sort_run_1;3;1;72324;1
reshaping_run_1;4;1;740;2
shifting_and_subtraction_run_1;5;1;3808;1
boolean_comparison_run_1;6;1;1132;1
transpose_run_1;7;1;1176;1
transpose_run_1;8;1;1645;2
outerProduct_run_1;9;1;1446;1
matrixMultiplication_run_1;10;1;717;1
colSums_run_1;11;1;1207;1
colSums_run_1;12;1;1190;2
combine_run_1;13;1;1504;1
full_run_run_1;1;0;370398;1
Action;SectionID;ParentSectionID;Duration;Complexity
preprocessing_run_1;2;1;286532;1
per_chunk_sort_run_1;3;1;65699;1
reshaping_run_1;4;1;839;2
shifting_and_subtraction_run_1;5;1;3668;1
boolean_comparison_run_1;6;1;1235;1
transpose_run_1;7;1;1636;1
transpose_run_1;8;1;1995;2
outerProduct_run_1;9;1;1038;1
matrixMultiplication_run_1;10;1;544;1
colSums_run_1;11;1;1453;1
colSums_run_1;12;1;1469;2
combine_run_1;13;1;1744;1
full_run_run_1;1;0;369118;1
Action;SectionID;ParentSectionID;Duration;Complexity
preprocessing_run_1;2;1;281139;1
per_chunk_sort_run_1;3;1;55431;1
reshaping_run_1;4;1;638;2
shifting_and_subtraction_run_1;5;1;3422;1
boolean_comparison_run_1;6;1;1180;1
transpose_run_1;7;1;1308;1
transpose_run_1;8;1;1913;2
outerProduct_run_1;9;1;964;1
matrixMultiplication_run_1;10;1;564;1
colSums_run_1;11;1;1187;1
colSums_run_1;12;1;1179;2
combine_run_1;13;1;1435;1
full_run_run_1;1;0;351781;1
Action;SectionID;ParentSectionID;Duration;Complexity
preprocessing_run_1;2;1;284250;1
per_chunk_sort_run_1;3;1;77682;1
reshaping_run_1;4;1;644;2
shifting_and_subtraction_run_1;5;1;3494;1
boolean_comparison_run_1;6;1;1121;1
transpose_run_1;7;1;1322;1
transpose_run_1;8;1;1886;2
outerProduct_run_1;9;1;979;1
matrixMultiplication_run_1;10;1;750;1
colSums_run_1;11;1;1232;1
colSums_run_1;12;1;1182;2
combine_run_1;13;1;1472;1
full_run_run_1;1;0;377328;1
Action;SectionID;ParentSectionID;Duration;Complexity
preprocessing_run_1;2;1;282553;1
per_chunk_sort_run_1;3;1;65558;1
reshaping_run_1;4;1;640;2
shifting_and_subtraction_run_1;5;1;3456;1
boolean_comparison_run_1;6;1;1179;1
transpose_run_1;7;1;1323;1
transpose_run_1;8;1;1896;2
outerProduct_run_1;9;1;1106;1
matrixMultiplication_run_1;10;1;555;1
colSums_run_1;11;1;1179;1
colSums_run_1;12;1;1179;2
combine_run_1;13;1;1430;1
full_run_run_1;1;0;363230;1
Action;SectionID;ParentSectionID;Duration;Complexity
preprocessing_run_1;2;1;284845;1
per_chunk_sort_run_1;3;1;60431;1
reshaping_run_1;4;1;704;2
shifting_and_subtraction_run_1;5;1;3874;1
boolean_comparison_run_1;6;1;1220;1
transpose_run_1;7;1;1198;1
transpose_run_1;8;1;1640;2
outerProduct_run_1;9;1;1208;1
matrixMultiplication_run_1;10;1;584;1
colSums_run_1;11;1;1159;1
colSums_run_1;12;1;1150;2
combine_run_1;13;1;1470;1
full_run_run_1;1;0;360645;1
Action;SectionID;ParentSectionID;Duration;Complexity
preprocessing_run_1;2;1;283397;1
per_chunk_sort_run_1;3;1;61126;1
reshaping_run_1;4;1;643;2
shifting_and_subtraction_run_1;5;1;3386;1
boolean_comparison_run_1;6;1;1088;1
transpose_run_1;7;1;1303;1
transpose_run_1;8;1;1888;2
outerProduct_run_1;9;1;1117;1
matrixMultiplication_run_1;10;1;584;1
colSums_run_1;11;1;1368;1
colSums_run_1;12;1;1352;2
combine_run_1;13;1;1660;1
full_run_run_1;1;0;360154;1
Action;SectionID;ParentSectionID;Duration;Complexity
preprocessing_cases_10000_100;2;1;46194669;1
per_chunk_sort_cases_10000_100;3;1;196898358;1
reshaping_cases_10000_100;4;1;2664263;2
shifting_and_subtraction_cases_10000_100;5;1;47158334;1
boolean_comparison_cases_10000_100;6;1;263575;1
transpose_cases_10000_100;7;1;4126491;1
transpose_cases_10000_100;8;1;38046426;2
outerProduct_cases_10000_100;9;1;11081074;1
matrixMultiplication_cases_10000_100;10;1;5750541;1
colSums_cases_10000_100;11;1;24109391;1
colSums_cases_10000_100;12;1;24116166;2
combine_cases_10000_100;13;1;2891;1
full_run_cases_10000_100;1;0;401894148;1
Action;SectionID;ParentSectionID;Duration;Complexity
preprocessing_cases_10000_100;2;1;45118415;1
per_chunk_sort_cases_10000_100;3;1;199202781;1
reshaping_cases_10000_100;4;1;2654525;2
shifting_and_subtraction_cases_10000_100;5;1;46332722;1
boolean_comparison_cases_10000_100;6;1;260681;1
transpose_cases_10000_100;7;1;4142592;1
transpose_cases_10000_100;8;1;39188295;2
outerProduct_cases_10000_100;9;1;10147390;1
matrixMultiplication_cases_10000_100;10;1;6343641;1
colSums_cases_10000_100;11;1;24704563;1
colSums_cases_10000_100;12;1;24383041;2
combine_cases_10000_100;13;1;2812;1
full_run_cases_10000_100;1;0;403665252;1
Action;SectionID;ParentSectionID;Duration;Complexity
preprocessing_cases_100000_100;2;1;457940475;1
per_chunk_sort_cases_100000_100;3;1;3904542254;1
reshaping_cases_100000_100;4;1;27820802;2
shifting_and_subtraction_cases_100000_100;5;1;461825885;1
boolean_comparison_cases_100000_100;6;1;5229042;1
transpose_cases_100000_100;7;1;43819245;1
transpose_cases_100000_100;8;1;395370913;2
outerProduct_cases_100000_100;9;1;333614494;1
matrixMultiplication_cases_100000_100;10;1;151896247;1
colSums_cases_100000_100;11;1;256937753;1
colSums_cases_100000_100;12;1;248211146;2
combine_cases_100000_100;13;1;2938;1
full_run_cases_100000_100;1;0;6339155328;1
Action;SectionID;ParentSectionID;Duration;Complexity
preprocessing_cases_100000_100;2;1;648276520;1
per_chunk_sort_cases_100000_100;3;1;4749444228;1
reshaping_cases_100000_100;4;1;36037448;2
shifting_and_subtraction_cases_100000_100;5;1;699245849;1
boolean_comparison_cases_100000_100;6;1;4658584;1
transpose_cases_100000_100;7;1;44122395;1
transpose_cases_100000_100;8;1;391794511;2
outerProduct_cases_100000_100;9;1;226219216;1
matrixMultiplication_cases_100000_100;10;1;108063852;1
colSums_cases_100000_100;11;1;248495507;1
colSums_cases_100000_100;12;1;248436337;2
combine_cases_100000_100;13;1;2851;1
full_run_cases_100000_100;1;0;7430915688;1
Action;SectionID;ParentSectionID;Duration;Complexity
preprocessing_cases_100000_100;2;1;643851287;1
per_chunk_sort_cases_100000_100;3;1;4751720404;1
reshaping_cases_100000_100;4;1;35268182;2
shifting_and_subtraction_cases_100000_100;5;1;700456973;1
boolean_comparison_cases_100000_100;6;1;3958831;1
transpose_cases_100000_100;7;1;45095251;1
transpose_cases_100000_100;8;1;390870033;2
outerProduct_cases_100000_100;9;1;250065917;1
matrixMultiplication_cases_100000_100;10;1;91235545;1
colSums_cases_100000_100;11;1;250455883;1
colSums_cases_100000_100;12;1;249768671;2
combine_cases_100000_100;13;1;2899;1
full_run_cases_100000_100;1;0;7465846693;1
Action;SectionID;ParentSectionID;Duration;Complexity
Action;SectionID;ParentSectionID;Duration;Complexity
Action;SectionID;ParentSectionID;Duration;Complexity
Action;SectionID;ParentSectionID;Duration;Complexity
Action;SectionID;ParentSectionID;Duration;Complexity
Action;SectionID;ParentSectionID;Duration;Complexity
Action;SectionID;ParentSectionID;Duration;Complexity
